time=2024-08-24T14:07:17.892+05:00 level=ERROR msg="Kod stringdan int64 ga o'tkazishda xatolik: strconv.ParseInt: parsing \"yaxshi\": invalid syntax"
time=2024-08-24T14:15:01.730+05:00 level=ERROR msg="Kod stringdan int64 ga o'tkazishda xatolik: strconv.ParseInt: parsing \"S\": invalid syntax"
time=2024-08-24T15:04:49.181+05:00 level=ERROR msg="User already exists" email=ozodbekshamsiddinov1504@gmail.com
time=2024-08-24T15:04:49.181+05:00 level=ERROR msg="failed to confirmation register" error="user already exists"
time=2024-08-24T15:04:49.182+05:00 level=ERROR msg="ConfirmationRegister funksiyasiga yuborishda xatolik." error="rpc error: code = Unknown desc = user already exists"
time=2024-08-24T15:08:05.381+05:00 level=ERROR msg="User already exists" email=ozodbekshamsiddinov1504@gmail.com
time=2024-08-24T15:08:05.390+05:00 level=ERROR msg="failed to confirmation register" error="user already exists"
time=2024-08-24T15:08:05.390+05:00 level=ERROR msg="ConfirmationRegister funksiyasiga yuborishda xatolik." error="rpc error: code = Unknown desc = user already exists"
time=2024-08-24T15:08:32.604+05:00 level=ERROR msg="User already exists" email=ozodbekshamsiddinov1504@gmail.com
time=2024-08-24T15:08:32.604+05:00 level=ERROR msg="failed to confirmation register" error="user already exists"
time=2024-08-24T15:08:32.604+05:00 level=ERROR msg="ConfirmationRegister funksiyasiga yuborishda xatolik." error="rpc error: code = Unknown desc = user already exists"
time=2024-08-24T15:11:50.862+05:00 level=ERROR msg="Error inserting user" err="pq: value too long for type character varying(50)"
time=2024-08-24T15:11:50.862+05:00 level=ERROR msg="failed to confirmation register" error="pq: value too long for type character varying(50)"
time=2024-08-24T15:11:50.863+05:00 level=ERROR msg="ConfirmationRegister funksiyasiga yuborishda xatolik." error="rpc error: code = Unknown desc = pq: value too long for type character varying(50)"
time=2024-08-24T15:15:43.186+05:00 level=ERROR msg="Error inserting user" err="pq: value too long for type character varying(50)"
time=2024-08-24T15:15:43.186+05:00 level=ERROR msg="failed to confirmation register" error="pq: value too long for type character varying(50)"
time=2024-08-24T15:15:43.186+05:00 level=ERROR msg="ConfirmationRegister funksiyasiga yuborishda xatolik." error="rpc error: code = Unknown desc = pq: value too long for type character varying(50)"
time=2024-08-24T15:23:10.193+05:00 level=ERROR msg="GetbyUserda xatolik: rpc error: code = Unimplemented desc = method GetUSerByEmail not implemented"
time=2024-08-24T15:25:20.052+05:00 level=ERROR msg="GetbyUserda xatolik: rpc error: code = Unimplemented desc = method GetUSerByEmail not implemented"
time=2024-08-24T15:28:30.873+05:00 level=ERROR msg="Error storing refresh token" error="&{err:<nil> rows:0xc00017d200}"
time=2024-08-24T15:28:30.874+05:00 level=ERROR msg="failed to login user" error="unsupported operation"
time=2024-08-24T15:28:30.875+05:00 level=ERROR msg="storefreshtokenda xatolik: rpc error: code = Unknown desc = unsupported operation"
time=2024-08-24T15:29:55.637+05:00 level=ERROR msg="Error storing refresh token" error="&{err:<nil> rows:0xc00062c090}"
time=2024-08-24T15:29:55.638+05:00 level=ERROR msg="failed to login user" error="unsupported operation"
time=2024-08-24T15:29:55.639+05:00 level=ERROR msg="storefreshtokenda xatolik: rpc error: code = Unknown desc = unsupported operation"
time=2024-08-24T15:41:01.744+05:00 level=ERROR msg="No user found with email " email=ozodbekshamsiddinov1504@gmail.com
time=2024-08-24T15:41:01.744+05:00 level=ERROR msg="failed to confirmation password" error="no user found"
time=2024-08-24T15:41:01.744+05:00 level=ERROR msg="ConfirmationPassword funksiyasiga malumot yuborishda xatolik" error="rpc error: code = Unknown desc = no user found"
